d:\gitlab\study\addlanguage\debug\addlanguage.bsc
d:\gitlab\study\addlanguage\addlanguage\debug\addlanguage.pch
d:\gitlab\study\addlanguage\addlanguage\debug\vc120.pdb
d:\gitlab\study\addlanguage\addlanguage\debug\vc120.idb
d:\gitlab\study\addlanguage\addlanguage\debug\stdafx.sbr
d:\gitlab\study\addlanguage\addlanguage\debug\stdafx.obj
d:\gitlab\study\addlanguage\addlanguage\debug\myini.sbr
d:\gitlab\study\addlanguage\addlanguage\debug\mydefine.sbr
d:\gitlab\study\addlanguage\addlanguage\debug\modaldlg.sbr
d:\gitlab\study\addlanguage\addlanguage\debug\maindlg.sbr
d:\gitlab\study\addlanguage\addlanguage\debug\addlanguage.sbr
d:\gitlab\study\addlanguage\addlanguage\debug\addall.sbr
d:\gitlab\study\addlanguage\addlanguage\debug\addall.obj
d:\gitlab\study\addlanguage\addlanguage\debug\addlanguage.obj
d:\gitlab\study\addlanguage\addlanguage\debug\maindlg.obj
d:\gitlab\study\addlanguage\addlanguage\debug\modaldlg.obj
d:\gitlab\study\addlanguage\addlanguage\debug\mydefine.obj
d:\gitlab\study\addlanguage\addlanguage\debug\myini.obj
d:\gitlab\study\addlanguage\addlanguage\res\soui_res.rc2
d:\gitlab\study\addlanguage\debug\addlanguage.ilk
d:\gitlab\study\addlanguage\debug\addlanguage.exe
d:\gitlab\study\addlanguage\debug\addlanguage.pdb
d:\gitlab\study\addlanguage\addlanguage\debug\addlanguage.res
d:\gitlab\study\addlanguage\addlanguage\debug\addlanguage.tlog\bscmake.command.1.tlog
d:\gitlab\study\addlanguage\addlanguage\debug\addlanguage.tlog\bscmake.read.1.tlog
d:\gitlab\study\addlanguage\addlanguage\debug\addlanguage.tlog\bscmake.write.1.tlog
d:\gitlab\study\addlanguage\addlanguage\debug\addlanguage.tlog\cl.command.1.tlog
d:\gitlab\study\addlanguage\addlanguage\debug\addlanguage.tlog\cl.read.1.tlog
d:\gitlab\study\addlanguage\addlanguage\debug\addlanguage.tlog\cl.write.1.tlog
d:\gitlab\study\addlanguage\addlanguage\debug\addlanguage.tlog\custombuild.command.1.tlog
d:\gitlab\study\addlanguage\addlanguage\debug\addlanguage.tlog\custombuild.read.1.tlog
d:\gitlab\study\addlanguage\addlanguage\debug\addlanguage.tlog\custombuild.write.1.tlog
d:\gitlab\study\addlanguage\addlanguage\debug\addlanguage.tlog\link.command.1.tlog
d:\gitlab\study\addlanguage\addlanguage\debug\addlanguage.tlog\link.read.1.tlog
d:\gitlab\study\addlanguage\addlanguage\debug\addlanguage.tlog\link.write.1.tlog
d:\gitlab\study\addlanguage\addlanguage\debug\addlanguage.tlog\rc.command.1.tlog
d:\gitlab\study\addlanguage\addlanguage\debug\addlanguage.tlog\rc.read.1.tlog
d:\gitlab\study\addlanguage\addlanguage\debug\addlanguage.tlog\rc.write.1.tlog
