d:\gitlab\study\addlanguage\addlanguage\release\addlanguage.pch
d:\gitlab\study\addlanguage\addlanguage\release\vc120.pdb
d:\gitlab\study\addlanguage\addlanguage\release\stdafx.obj
d:\gitlab\study\addlanguage\addlanguage\release\myini.obj
d:\gitlab\study\addlanguage\addlanguage\release\mydefine.obj
d:\gitlab\study\addlanguage\addlanguage\release\modaldlg.obj
d:\gitlab\study\addlanguage\addlanguage\release\maindlg.obj
d:\gitlab\study\addlanguage\addlanguage\release\addlanguage.obj
d:\gitlab\study\addlanguage\addlanguage\release\addall.obj
d:\gitlab\study\addlanguage\addlanguage\res\soui_res.rc2
d:\gitlab\study\addlanguage\release\addlanguage.exe
d:\gitlab\study\addlanguage\release\addlanguage.pdb
d:\gitlab\study\addlanguage\addlanguage\release\addlanguage.res
d:\gitlab\study\addlanguage\addlanguage\release\addlanguage.tlog\cl.command.1.tlog
d:\gitlab\study\addlanguage\addlanguage\release\addlanguage.tlog\cl.read.1.tlog
d:\gitlab\study\addlanguage\addlanguage\release\addlanguage.tlog\cl.write.1.tlog
d:\gitlab\study\addlanguage\addlanguage\release\addlanguage.tlog\custombuild.command.1.tlog
d:\gitlab\study\addlanguage\addlanguage\release\addlanguage.tlog\custombuild.read.1.tlog
d:\gitlab\study\addlanguage\addlanguage\release\addlanguage.tlog\custombuild.write.1.tlog
d:\gitlab\study\addlanguage\addlanguage\release\addlanguage.tlog\link.command.1.tlog
d:\gitlab\study\addlanguage\addlanguage\release\addlanguage.tlog\link.read.1.tlog
d:\gitlab\study\addlanguage\addlanguage\release\addlanguage.tlog\link.write.1.tlog
d:\gitlab\study\addlanguage\addlanguage\release\addlanguage.tlog\rc.command.1.tlog
d:\gitlab\study\addlanguage\addlanguage\release\addlanguage.tlog\rc.read.1.tlog
d:\gitlab\study\addlanguage\addlanguage\release\addlanguage.tlog\rc.write.1.tlog
